Log file open, 01/23/19 18:21:05
LogWindows: Failed to load 'aqProf.dll' (GetLastError=126)
LogWindows: File 'aqProf.dll' does not exist
LogWindows: Failed to load 'VSPerf140.dll' (GetLastError=126)
LogWindows: File 'VSPerf140.dll' does not exist
LogWindows: Failed to load 'VtuneApi.dll' (GetLastError=126)
LogWindows: File 'VtuneApi.dll' does not exist
LogWindows: Failed to load 'VtuneApi32e.dll' (GetLastError=126)
LogWindows: File 'VtuneApi32e.dll' does not exist
LogInit: Display: Running engine for game: JC_ICWB001_AP
LogPlatformFile: Not using cached read wrapper
LogTaskGraph: Started task graph with 5 named threads and 35 total threads with 3 sets of task threads.
LogStats: Stats thread started at 0.403211
LogD3D11RHI: Loaded GFSDK_Aftermath_Lib.x64.dll
LogICUInternationalization: Display: ICU TimeZone Detection - Raw Offset: -7:00, Platform Override: ''
LogPluginManager: Mounting plugin Paper2D
LogPluginManager: Mounting plugin AISupport
LogPluginManager: Mounting plugin LightPropagationVolume
LogPluginManager: Mounting plugin CLionSourceCodeAccess
LogPluginManager: Mounting plugin CodeLiteSourceCodeAccess
LogPluginManager: Mounting plugin GitSourceControl
LogPluginManager: Mounting plugin KDevelopSourceCodeAccess
LogPluginManager: Mounting plugin NullSourceCodeAccess
LogPluginManager: Mounting plugin PerforceSourceControl
LogPluginManager: Mounting plugin SubversionSourceControl
LogPluginManager: Mounting plugin UObjectPlugin
LogPluginManager: Mounting plugin VisualStudioCodeSourceCodeAccess
LogPluginManager: Mounting plugin VisualStudioSourceCodeAccess
LogPluginManager: Mounting plugin XCodeSourceCodeAccess
LogPluginManager: Mounting plugin AssetManagerEditor
LogPluginManager: Mounting plugin CryptoKeys
LogPluginManager: Mounting plugin DataValidation
LogPluginManager: Mounting plugin FacialAnimation
LogPluginManager: Mounting plugin GameplayTagsEditor
LogPluginManager: Mounting plugin MacGraphicsSwitching
LogPluginManager: Mounting plugin MeshEditor
LogPluginManager: Mounting plugin MobileLauncherProfileWizard
LogPluginManager: Mounting plugin PluginBrowser
LogPluginManager: Mounting plugin SpeedTreeImporter
LogPluginManager: Mounting plugin DatasmithContent
LogPluginManager: Mounting plugin AlembicImporter
LogPluginManager: Mounting plugin AppleImageUtils
LogPluginManager: Mounting plugin AppleVision
LogPluginManager: Mounting plugin BackChannel
LogPluginManager: Mounting plugin CharacterAI
LogPluginManager: Mounting plugin GeometryCache
LogPluginManager: Mounting plugin HTML5Networking
LogPluginManager: Mounting plugin ProxyLODPlugin
LogPluginManager: Mounting plugin MagicLeap
LogPluginManager: Mounting plugin MagicLeapEmulator
LogPluginManager: Mounting plugin MagicLeapMedia
LogPluginManager: Mounting plugin AndroidMedia
LogPluginManager: Mounting plugin AvfMedia
LogPluginManager: Mounting plugin ImgMedia
LogPluginManager: Mounting plugin LinearTimecode
LogPluginManager: Mounting plugin MediaCompositing
LogPluginManager: Mounting plugin MediaPlayerEditor
LogPluginManager: Mounting plugin WmfMedia
LogPluginManager: Mounting plugin TcpMessaging
LogPluginManager: Mounting plugin UdpMessaging
LogPluginManager: Mounting plugin ActorSequence
LogPluginManager: Mounting plugin LevelSequenceEditor
LogPluginManager: Mounting plugin MatineeToLevelSequence
LogPluginManager: Mounting plugin NetcodeUnitTest
LogPluginManager: Mounting plugin NUTUnrealEngine4
LogPluginManager: Mounting plugin OnlineSubsystemGooglePlay
LogPluginManager: Mounting plugin OnlineSubsystemIOS
LogPluginManager: Mounting plugin OnlineSubsystem
LogPluginManager: Mounting plugin OnlineSubsystemNull
LogPluginManager: Mounting plugin OnlineSubsystemUtils
LogPluginManager: Mounting plugin LauncherChunkInstaller
LogPluginManager: Mounting plugin AndroidDeviceProfileSelector
LogPluginManager: Mounting plugin AndroidMoviePlayer
LogPluginManager: Mounting plugin AndroidPermission
LogPluginManager: Mounting plugin AppleMoviePlayer
LogPluginManager: Mounting plugin ArchVisCharacter
LogPluginManager: Mounting plugin AudioCapture
LogPluginManager: Mounting plugin CableComponent
LogPluginManager: Mounting plugin CustomMeshComponent
LogPluginManager: Mounting plugin EditableMesh
LogPluginManager: Mounting plugin ExampleDeviceProfileSelector
LogPluginManager: Mounting plugin GoogleCloudMessaging
LogPluginManager: Mounting plugin ImmediatePhysics
LogPluginManager: Mounting plugin IOSDeviceProfileSelector
LogPluginManager: Mounting plugin LinuxDeviceProfileSelector
LogPluginManager: Mounting plugin LocationServicesBPLibrary
LogPluginManager: Mounting plugin MobilePatchingUtils
LogPluginManager: Mounting plugin OculusVR
LogPluginManager: Plugin shader directory ../../../Engine/Plugins/Runtime/Oculus/OculusVR/Shaders found
LogPluginManager: Mapping shader source directory ../../../Engine/Plugins/Runtime/Oculus/OculusVR/Shaders to virtual directory /Plugin/OculusVR
LogPluginManager: Mounting plugin PhysXVehicles
LogPluginManager: Mounting plugin ProceduralMeshComponent
LogPluginManager: Mounting plugin RuntimePhysXCooking
LogPluginManager: Mounting plugin SteamVR
LogPluginManager: Mounting plugin WindowsMoviePlayer
LogStreaming: Display: Took  0.109s to configure plugins.
LogInit: Using libcurl 7.55.1-DEV
LogInit:  - built for x86_64-pc-win32
LogInit:  - supports SSL with OpenSSL/1.0.2h
LogInit:  - supports HTTP deflate (compression) using libz 1.2.8
LogInit:  - other features:
LogInit:      CURL_VERSION_SSL
LogInit:      CURL_VERSION_LIBZ
LogInit:      CURL_VERSION_IPV6
LogInit:      CURL_VERSION_ASYNCHDNS
LogInit:      CURL_VERSION_LARGEFILE
LogInit:      CURL_VERSION_IDN
LogInit:  CurlRequestOptions (configurable via config and command line):
LogInit:  - bVerifyPeer = false  - Libcurl will NOT verify peer certificate
LogInit:  - bUseHttpProxy = false  - Libcurl will NOT use HTTP proxy
LogInit:  - bDontReuseConnections = false  - Libcurl will reuse connections
LogInit:  - CertBundlePath = nullptr  - Libcurl will use whatever was configured at build time.
LogInit:  - MaxHostConnections = 16  - Libcurl will limit the number of connections to a host
LogInit:  - LocalHostAddr = Default
LogInit:  - BufferSize = 65536
LogInit: WinSock: version 1.1 (2.2), MaxSocks=32767, MaxUdp=65467
LogInit: Build: ++UE4+Release-4.20-CL-4369336
LogInit: Engine Version: 4.20.3-4369336+++UE4+Release-4.20
LogInit: Compatible Engine Version: 4.20.0-4212847+++UE4+Release-4.20
LogInit: Net CL: 4212847
LogInit: OS: Windows 10 (), CPU: Intel(R) Core(TM) i7-8700K CPU @ 3.70GHz, GPU: NVIDIA GeForce GTX 1080
LogInit: Compiled (64-bit): Sep 17 2018 12:26:19
LogInit: Compiled with Visual C++: 19.13.26129.00
LogInit: Build Configuration: Development
LogInit: Branch Name: ++UE4+Release-4.20
LogInit: Command Line: -EpicPortal  -epicusername="SUPER BOMB JACK" -epicuserid=d9b0490d8b7d4c438a71031797785349 -epiclocale=en-US
LogInit: Base Directory: C:/Program Files/Epic Games/UE_4.20/Engine/Binaries/Win64/
LogInit: Installed Engine Build: 1
LogDevObjectVersion: Number of dev versions registered: 20
LogDevObjectVersion:   Dev-Blueprints (B0D832E4-1F89-4F0D-ACCF-7EB736FD4AA2): 10
LogDevObjectVersion:   Dev-Build (E1C64328-A22C-4D53-A36C-8E866417BD8C): 0
LogDevObjectVersion:   Dev-Core (375EC13C-06E4-48FB-B500-84F0262A717E): 2
LogDevObjectVersion:   Dev-Editor (E4B068ED-F494-42E9-A231-DA0B2E46BB41): 24
LogDevObjectVersion:   Dev-Framework (CFFC743F-43B0-4480-9391-14DF171D2073): 34
LogDevObjectVersion:   Dev-Mobile (B02B49B5-BB20-44E9-A304-32B752E40360): 2
LogDevObjectVersion:   Dev-Networking (A4E4105C-59A1-49B5-A7C5-40C4547EDFEE): 0
LogDevObjectVersion:   Dev-Online (39C831C9-5AE6-47DC-9A44-9C173E1C8E7C): 0
LogDevObjectVersion:   Dev-Physics (78F01B33-EBEA-4F98-B9B4-84EACCB95AA2): 0
LogDevObjectVersion:   Dev-Platform (6631380F-2D4D-43E0-8009-CF276956A95A): 0
LogDevObjectVersion:   Dev-Rendering (12F88B9F-8875-4AFC-A67C-D90C383ABD29): 26
LogDevObjectVersion:   Dev-Sequencer (7B5AE74C-D270-4C10-A958-57980B212A5A): 9
LogDevObjectVersion:   Dev-VR (D7296918-1DD6-4BDD-9DE2-64A83CC13884): 2
LogDevObjectVersion:   Dev-LoadTimes (C2A15278-BFE7-4AFE-6C17-90FF531DF755): 1
LogDevObjectVersion:   Private-Geometry (6EACA3D4-40EC-4CC1-B786-8BED09428FC5): 3
LogDevObjectVersion:   Dev-AnimPhys (29E575DD-E0A3-4627-9D10-D276232CDCEA): 17
LogDevObjectVersion:   Dev-ReflectionCapture (6B266CEC-1EC7-4B8F-A30B-E4D90942FC07): 1
LogDevObjectVersion:   Dev-Automation (0DF73D61-A23F-47EA-B727-89E90C41499A): 1
LogDevObjectVersion:   FortniteMain (601D1886-AC64-4F84-AA16-D3DE0DEAC7D6): 12
LogDevObjectVersion:   Dev-Enterprise (9DFFBCD6-494F-0158-E221-12823C92A888): 1
LogStreaming: Display: Took  0.003s to delete old logs.
LogInit: Presizing for max 8388607 objects, including 0 objects not considered by GC, pre-allocating 0 bytes for permanent pool.
LogInit: Object subsystem initialized
[2019.01.24-01.21.05:979][  0]LogInit: Selected Device Profile: [Windows]
[2019.01.24-01.21.05:979][  0]LogInit: Applying CVar settings loaded from the selected device profile: [Windows]
[2019.01.24-01.21.05:992][  0]LogHAL: Display: Platform has ~ 16 GB [16981430272 / 17179869184 / 16], which maps to Larger [LargestMinGB=32, LargerMinGB=12, DefaultMinGB=8, SmallerMinGB=6, SmallestMinGB=0)
[2019.01.24-01.21.05:992][  0]LogInit: Setting Device Profile CVar: [[r.Vulkan.UseRealUBs:1]]
[2019.01.24-01.21.05:992][  0]LogInit: Going up to parent DeviceProfile []
[2019.01.24-01.21.05:992][  0]LogInit: Computer: DESKTOP-96RAD4T
[2019.01.24-01.21.05:992][  0]LogInit: User: jacks
[2019.01.24-01.21.05:992][  0]LogInit: CPU Page size=4096, Cores=6
[2019.01.24-01.21.05:992][  0]LogInit: High frequency timer resolution =3.609380 MHz
[2019.01.24-01.21.05:992][  0]LogMemory: Memory total: Physical=15.8GB (16GB approx)
[2019.01.24-01.21.05:992][  0]LogMemory: Platform Memory Stats for Windows
[2019.01.24-01.21.05:992][  0]LogMemory: Process Physical Memory: 101.15 MB used, 101.15 MB peak
[2019.01.24-01.21.05:992][  0]LogMemory: Process Virtual Memory: 86.17 MB used, 86.17 MB peak
[2019.01.24-01.21.05:992][  0]LogMemory: Physical Memory: 8319.85 MB used,  7874.91 MB free, 16194.75 MB total
[2019.01.24-01.21.05:992][  0]LogMemory: Virtual Memory: 4657.61 MB used,  7874.91 MB free, 134217728.00 MB total
[2019.01.24-01.21.06:008][  0]LogInit: Using OS detected language (en-US).
[2019.01.24-01.21.06:008][  0]LogInit: Using OS detected locale (en-US).
[2019.01.24-01.21.06:009][  0]LogTextLocalizationManager: No specific localization for 'en-US' exists, so the 'en' localization will be used.
[2019.01.24-01.21.06:313][  0]LogStreaming: Display: Took  0.306s to InitEngineTextLocalization.
[2019.01.24-01.21.06:314][  0]LogInit: Setting process to per monitor DPI aware
[2019.01.24-01.21.06:346][  0]LogSlate: New Slate User Created.  User Index 0, Is Virtual User: 0
[2019.01.24-01.21.06:346][  0]LogSlate: Slate User Registered.  User Index 0, Is Virtual User: 0
[2019.01.24-01.21.06:517][  0]LogHMD: Failed to initialize OpenVR with code 110
[2019.01.24-01.21.06:517][  0]LogD3D11RHI: D3D11 adapters:
[2019.01.24-01.21.06:577][  0]LogD3D11RHI:    0. 'NVIDIA GeForce GTX 1080' (Feature Level 11_0)
[2019.01.24-01.21.06:577][  0]LogD3D11RHI:       8079/0/8097 MB DedicatedVideo/DedicatedSystem/SharedSystem, Outputs:2, VendorId:0x10de
[2019.01.24-01.21.06:587][  0]LogD3D11RHI:    1. 'Intel(R) UHD Graphics 630' (Feature Level 11_0)
[2019.01.24-01.21.06:588][  0]LogD3D11RHI:       128/0/8097 MB DedicatedVideo/DedicatedSystem/SharedSystem, Outputs:0, VendorId:0x8086
[2019.01.24-01.21.06:589][  0]LogD3D11RHI:    2. 'Microsoft Basic Render Driver' (Feature Level 11_0)
[2019.01.24-01.21.06:589][  0]LogD3D11RHI:       0/0/8097 MB DedicatedVideo/DedicatedSystem/SharedSystem, Outputs:0, VendorId:0x1414
[2019.01.24-01.21.06:589][  0]LogD3D11RHI: Chosen D3D11 Adapter: 0
[2019.01.24-01.21.06:596][  0]LogD3D11RHI: Creating new Direct3DDevice
[2019.01.24-01.21.06:596][  0]LogD3D11RHI:     GPU DeviceId: 0x1b80 (for the marketing name, search the web for "GPU Device Id")
[2019.01.24-01.21.06:596][  0]LogWindows: EnumDisplayDevices:
[2019.01.24-01.21.06:596][  0]LogWindows:    0. 'NVIDIA GeForce GTX 1080' (P:1 D:1)
[2019.01.24-01.21.06:596][  0]LogWindows:    1. 'NVIDIA GeForce GTX 1080' (P:0 D:1)
[2019.01.24-01.21.06:597][  0]LogWindows:    2. 'NVIDIA GeForce GTX 1080' (P:0 D:0)
[2019.01.24-01.21.06:597][  0]LogWindows:    3. 'NVIDIA GeForce GTX 1080' (P:0 D:0)
[2019.01.24-01.21.06:597][  0]LogWindows:    4. 'Intel(R) UHD Graphics 630' (P:0 D:0)
[2019.01.24-01.21.06:597][  0]LogWindows:    5. 'Intel(R) UHD Graphics 630' (P:0 D:0)
[2019.01.24-01.21.06:597][  0]LogWindows:    6. 'Intel(R) UHD Graphics 630' (P:0 D:0)
[2019.01.24-01.21.06:598][  0]LogWindows: DebugString: PrimaryIsNotTheChoosenAdapter PrimaryIsNotTheChoosenAdapter PrimaryIsNotTheChoosenAdapter FoundDriverCount:4 
[2019.01.24-01.21.06:598][  0]LogD3D11RHI:     Adapter Name: NVIDIA GeForce GTX 1080
[2019.01.24-01.21.06:598][  0]LogD3D11RHI:   Driver Version: 391.25 (internal:23.21.13.9125, unified:391.25)
[2019.01.24-01.21.06:598][  0]LogD3D11RHI:      Driver Date: 3-16-2018
[2019.01.24-01.21.06:598][  0]LogRHI: Texture pool is 5655 MB (70% of 8079 MB)
[2019.01.24-01.21.06:630][  0]LogD3D11RHI: Async texture creation enabled
[2019.01.24-01.21.06:661][  0]LogD3D11RHI: GPU Timing Frequency: 1000.000000 (Debug: 2 2)
[2019.01.24-01.21.06:711][  0]LogD3D11RHI: HDR output is supported on display 0 (NvId: 0x80061082).
[2019.01.24-01.21.06:711][  0]LogShaderCompilers: Guid format shader working directory is -28 characters bigger than the processId version (../../../../../../Users/jacks/OneDrive/Documents/GitHub/Test/JC_ICWB001_AP/Intermediate/Shaders/WorkingDirectory/7460/).
[2019.01.24-01.21.06:711][  0]LogShaderCompilers: Cleaned the shader compiler working directory 'C:/Users/jacks/AppData/Local/Temp/UnrealShaderWorkingDir/BA49DBE5476464FA665174BC5CAD4A58/'.
[2019.01.24-01.21.06:949][  0]LogTemp: Display: Loaded TP AllDesktopTargetPlatform
[2019.01.24-01.21.06:961][  0]LogTemp: Display: Loaded TP MacClientTargetPlatform
[2019.01.24-01.21.06:972][  0]LogTemp: Display: Loaded TP MacNoEditorTargetPlatform
[2019.01.24-01.21.06:984][  0]LogTemp: Display: Loaded TP MacServerTargetPlatform
[2019.01.24-01.21.06:995][  0]LogTemp: Display: Loaded TP MacTargetPlatform
[2019.01.24-01.21.07:007][  0]LogTemp: Display: Loaded TP WindowsClientTargetPlatform
[2019.01.24-01.21.07:021][  0]LogTemp: Display: Loaded TP WindowsNoEditorTargetPlatform
[2019.01.24-01.21.07:033][  0]LogTemp: Display: Loaded TP WindowsServerTargetPlatform
[2019.01.24-01.21.07:039][  0]LogTemp: Display: Loaded TP WindowsTargetPlatform
[2019.01.24-01.21.07:109][  0]LogTemp: Display: Loaded TP AndroidTargetPlatform
[2019.01.24-01.21.07:109][  0]LogTemp: Display: Loaded TP AndroidTargetPlatform
[2019.01.24-01.21.07:109][  0]LogTemp: Display: Loaded TP AndroidTargetPlatform
[2019.01.24-01.21.07:109][  0]LogTemp: Display: Loaded TP AndroidTargetPlatform
[2019.01.24-01.21.07:109][  0]LogTemp: Display: Loaded TP AndroidTargetPlatform
[2019.01.24-01.21.07:109][  0]LogTemp: Display: Loaded TP AndroidTargetPlatform
[2019.01.24-01.21.07:109][  0]LogTemp: Display: Loaded TP AndroidTargetPlatform
[2019.01.24-01.21.07:109][  0]LogTemp: Display: Loaded TP AndroidTargetPlatform
[2019.01.24-01.21.07:109][  0]LogTemp: Display: Loaded TP AndroidTargetPlatform
[2019.01.24-01.21.07:109][  0]LogTemp: Display: Loaded TP AndroidTargetPlatform
[2019.01.24-01.21.07:109][  0]LogTemp: Display: Loaded TP AndroidTargetPlatform
[2019.01.24-01.21.07:109][  0]LogTemp: Display: Loaded TP AndroidTargetPlatform
[2019.01.24-01.21.07:109][  0]LogTemp: Display: Loaded TP AndroidTargetPlatform
[2019.01.24-01.21.07:109][  0]LogTemp: Display: Loaded TP AndroidTargetPlatform
[2019.01.24-01.21.07:109][  0]LogTemp: Display: Loaded TP AndroidTargetPlatform
[2019.01.24-01.21.07:109][  0]LogTemp: Display: Loaded TP AndroidTargetPlatform
[2019.01.24-01.21.07:109][  0]LogTemp: Display: Loaded TP AndroidTargetPlatform
[2019.01.24-01.21.07:109][  0]LogTemp: Display: Loaded TP AndroidTargetPlatform
[2019.01.24-01.21.07:110][  0]LogTemp: Display: Loaded TP HTML5TargetPlatform
[2019.01.24-01.21.07:169][  0]LogTemp: Display: Loaded TP IOSTargetPlatform
[2019.01.24-01.21.07:169][  0]LogTemp: Display: Loaded TP IOSTargetPlatform
[2019.01.24-01.21.07:189][  0]LogTemp: Display: Loaded TP TVOSTargetPlatform
[2019.01.24-01.21.07:189][  0]LogTemp: Display: Loaded TP TVOSTargetPlatform
[2019.01.24-01.21.07:202][  0]LogTemp: Display: Loaded TP LinuxClientTargetPlatform
[2019.01.24-01.21.07:221][  0]LogTemp: Display: Loaded TP LinuxNoEditorTargetPlatform
[2019.01.24-01.21.07:233][  0]LogTemp: Display: Loaded TP LinuxServerTargetPlatform
[2019.01.24-01.21.07:244][  0]LogTemp: Display: Loaded TP LinuxTargetPlatform
[2019.01.24-01.21.07:252][  0]LogTemp: Display: Loaded TP LuminTargetPlatform
[2019.01.24-01.21.07:252][  0]LogTargetPlatformManager: Display: Building Assets For Windows
[2019.01.24-01.21.07:323][  0]LogXGEController: Cannot use XGE Controller as Incredibuild is not installed on this machine.
[2019.01.24-01.21.07:323][  0]LogShaderCompilers: Cannot use XGE Shader Compiler as Incredibuild is not installed on this machine.
[2019.01.24-01.21.07:323][  0]LogShaderCompilers: Display: Using Local Shader Compiler.
[2019.01.24-01.21.07:953][  0]LogDerivedDataCache: Display: Max Cache Size: 512 MB
[2019.01.24-01.21.07:999][  0]LogDerivedDataCache: Loaded boot cache 0.05s 71MB C:/Users/jacks/AppData/Local/UnrealEngine/4.20/DerivedDataCache/Boot.ddc.
[2019.01.24-01.21.07:999][  0]LogDerivedDataCache: Display: Loaded Boot cache: C:/Users/jacks/AppData/Local/UnrealEngine/4.20/DerivedDataCache/Boot.ddc
[2019.01.24-01.21.07:999][  0]LogDerivedDataCache: FDerivedDataBackendGraph:  Pak pak cache file ../../../../../../Users/jacks/OneDrive/Documents/GitHub/Test/JC_ICWB001_AP/DerivedDataCache/DDC.ddp not found, will not use a pak cache.
[2019.01.24-01.21.07:999][  0]LogDerivedDataCache: Unable to find inner node Pak for hierarchical cache Hierarchy.
[2019.01.24-01.21.07:999][  0]LogDerivedDataCache: FDerivedDataBackendGraph:  CompressedPak pak cache file ../../../../../../Users/jacks/OneDrive/Documents/GitHub/Test/JC_ICWB001_AP/DerivedDataCache/Compressed.ddp not found, will not use a pak cache.
[2019.01.24-01.21.07:999][  0]LogDerivedDataCache: Unable to find inner node CompressedPak for hierarchical cache Hierarchy.
[2019.01.24-01.21.08:010][  0]LogDerivedDataCache: Display: Pak cache opened for reading ../../../Engine/DerivedDataCache/Compressed.ddp.
[2019.01.24-01.21.08:022][  0]LogDerivedDataCache: Using Local data cache path C:/Users/jacks/AppData/Local/UnrealEngine/Common/DerivedDataCache: Writable
[2019.01.24-01.21.08:022][  0]LogDerivedDataCache: Shared data cache path not found in *engine.ini, will not use an Shared cache.
[2019.01.24-01.21.08:022][  0]LogDerivedDataCache: Unable to find inner node Shared for hierarchical cache Hierarchy.
[2019.01.24-01.21.08:038][  0]LogMaterial: Verifying Global Shaders for PCD3D_SM5
[2019.01.24-01.21.08:039][  0]LogSlate: Using FreeType 2.6.0
[2019.01.24-01.21.08:039][  0]LogSlate: SlateFontServices - WITH_FREETYPE: 1, WITH_HARFBUZZ: 1
[2019.01.24-01.21.08:108][  0]LogAssetRegistry: FAssetRegistry took 0.0254 seconds to start up
[2019.01.24-01.21.08:371][  0]LogInit: Selected Device Profile: [Windows]
[2019.01.24-01.21.08:482][  0]LogSimplygon: Simplygon DLL not present - disabling.
[2019.01.24-01.21.08:485][  0]LogMeshReduction: Using SimplygonSwarm for distributed automatic mesh merging
[2019.01.24-01.21.08:485][  0]LogMeshReduction: Using ProxyLODMeshReduction for automatic mesh merging
[2019.01.24-01.21.08:485][  0]LogMeshReduction: Using QuadricMeshReduction for automatic static mesh reduction
[2019.01.24-01.21.08:485][  0]LogMeshReduction: No automatic skeletal mesh reduction module available
[2019.01.24-01.21.08:506][  0]LogNetVersion: JC_ICWB001_AP 1.0.0, NetCL: 4212847, EngineNetVer: 5, GameNetVer: 0 (Checksum: 255031247)
[2019.01.24-01.21.08:951][  0]LogPackageLocalizationCache: Processed 11 localized package path(s) for 2 prioritized culture(s) in 0.096164 seconds
[2019.01.24-01.21.08:957][  0]LogUObjectArray: 38425 objects as part of root set at end of initial load.
[2019.01.24-01.21.08:957][  0]LogUObjectAllocator: 6690872 out of 0 bytes used by permanent object pool.
[2019.01.24-01.21.08:957][  0]LogUObjectArray: CloseDisregardForGC: 0/0 objects in disregard for GC pool
[2019.01.24-01.21.09:689][  0]LogTcpMessaging: Initializing TcpMessaging bridge
[2019.01.24-01.21.09:702][  0]LogUdpMessaging: Initializing bridge on interface 0.0.0.0:0 to multicast group 230.0.0.1:6666.
[2019.01.24-01.21.09:832][  0]SourceControl: Source control is disabled
[2019.01.24-01.21.09:832][  0]SourceControl: Source control is disabled
[2019.01.24-01.21.09:834][  0]SourceControl: Source control is disabled
[2019.01.24-01.21.09:834][  0]SourceControl: Source control is disabled
[2019.01.24-01.21.09:995][  0]LogAndroidPermission: UAndroidPermissionCallbackProxy::GetInstance
[2019.01.24-01.21.10:081][  0]LogOcInput: OculusInput pre-init called
[2019.01.24-01.21.10:147][  0]LogEngine: Initializing Engine...
[2019.01.24-01.21.10:148][  0]LogHMD: Failed to initialize OpenVR with code 110
[2019.01.24-01.21.10:149][  0]LogStats: UGameplayTagsManager::ConstructGameplayTagTree: ImportINI prefixes -  0.000 s
[2019.01.24-01.21.10:149][  0]LogStats: UGameplayTagsManager::ConstructGameplayTagTree: Construct from data asset -  0.000 s
[2019.01.24-01.21.10:149][  0]LogStats: UGameplayTagsManager::ConstructGameplayTagTree: ImportINI -  0.000 s
[2019.01.24-01.21.10:149][  0]LogStats: UGameplayTagsManager::ConstructGameplayTagTree: GameplayTagTreeChangedEvent.Broadcast -  0.000 s
[2019.01.24-01.21.10:339][  0]LogInit: Initializing FReadOnlyCVARCache
[2019.01.24-01.21.10:352][  0]LogAIModule: Creating AISystem for world Untitled
[2019.01.24-01.21.10:372][  0]LogInit: XAudio2 using 'SAMSUNG (NVIDIA High Definition Audio)' : 2 channels at 48 kHz using 16 bits per sample (channel mask 0x3)
[2019.01.24-01.21.10:401][  0]LogInit: FAudioDevice initialized.
[2019.01.24-01.21.10:401][  0]LogNetVersion: Set ProjectVersion to 1.0.0.0. Version Checksum will be recalculated on next use.
[2019.01.24-01.21.10:470][  0]LogDerivedDataCache: Saved boot cache 0.07s 71MB C:/Users/jacks/AppData/Local/UnrealEngine/4.20/DerivedDataCache/Boot.ddc.
[2019.01.24-01.21.10:474][  0]LogInit: Texture streaming: Enabled
[2019.01.24-01.21.10:494][  0]LogEngineSessionManager: EngineSessionManager initialized
[2019.01.24-01.21.10:511][  0]LogInit: Transaction tracking system initialized
[2019.01.24-01.21.10:539][  0]BlueprintLog: New page: Editor Load
[2019.01.24-01.21.10:623][  0]LocalizationService: Localization service is disabled
[2019.01.24-01.21.10:862][  0]LogCook: Display: Max memory allowance for cook 16384mb min free memory 0mb
[2019.01.24-01.21.10:862][  0]LogCook: Display: Mobile HDR setting 1
[2019.01.24-01.21.10:862][  0]LogGameplayTags: Display: UGameplayTagsManager::DoneAddingNativeTags. DelegateIsBound: 0
[2019.01.24-01.21.10:862][  0]LogStats: UGameplayTagsManager::ConstructGameplayTagTree: ImportINI prefixes -  0.000 s
[2019.01.24-01.21.10:862][  0]LogStats: UGameplayTagsManager::ConstructGameplayTagTree: Construct from data asset -  0.000 s
[2019.01.24-01.21.10:862][  0]LogStats: UGameplayTagsManager::ConstructGameplayTagTree: ImportINI -  0.000 s
[2019.01.24-01.21.10:862][  0]LogStats: UGameplayTagsManager::ConstructGameplayTagTree: GameplayTagTreeChangedEvent.Broadcast -  0.000 s
[2019.01.24-01.21.10:961][  0]LogFileCache: Scanning file cache for directory 'C:/Users/jacks/OneDrive/Documents/GitHub/Test/JC_ICWB001_AP/Content/' took 0.01s
[2019.01.24-01.21.10:961][  0]SourceControl: Source control is disabled
[2019.01.24-01.21.10:961][  0]Cmd: MAP LOAD FILE="../../../Engine/Content/Maps/Templates/Template_Default.umap" TEMPLATE=1 SHOWPROGRESS=1 FEATURELEVEL=3
[2019.01.24-01.21.10:961][  0]LightingResults: New page: Lighting Build
[2019.01.24-01.21.10:964][  0]MapCheck: New page: Map Check
[2019.01.24-01.21.10:964][  0]LightingResults: New page: Lighting Build
[2019.01.24-01.21.11:138][  0]LogAIModule: Creating AISystem for world Untitled_1
[2019.01.24-01.21.11:143][  0]LogEditorServer: Finished looking for orphan Actors (0.000 secs)
[2019.01.24-01.21.11:166][  0]Cmd: MAP CHECKDEP NOCLEARLOG
[2019.01.24-01.21.11:226][  0]MapCheck: Map check complete: 0 Error(s), 0 Warning(s), took 59.079ms to complete.
[2019.01.24-01.21.11:226][  0]LogFileHelpers: Loading map 'Template_Default' took 0.264
[2019.01.24-01.21.11:326][  0]LogSlate: Updating window title bar state: overlay mode, drag disabled, window buttons hidden, title bar hidden
[2019.01.24-01.21.11:332][  0]LogSlate: Updating window title bar state: overlay mode, drag disabled, window buttons hidden, title bar hidden
[2019.01.24-01.21.11:337][  0]LogSlate: Updating window title bar state: overlay mode, drag disabled, window buttons hidden, title bar hidden
[2019.01.24-01.21.11:343][  0]LogSlate: Updating window title bar state: overlay mode, drag disabled, window buttons hidden, title bar hidden
[2019.01.24-01.21.11:349][  0]LogCollectionManager: Loaded 0 collections in 0.001814 seconds
[2019.01.24-01.21.11:396][  0]LogFileCache: Scanning file cache for directory 'C:/Users/jacks/OneDrive/Documents/GitHub/Test/JC_ICWB001_AP/Saved/Collections/' took 0.01s
[2019.01.24-01.21.11:396][  0]LogFileCache: Scanning file cache for directory 'C:/Users/jacks/OneDrive/Documents/GitHub/Test/JC_ICWB001_AP/Content/Developers/jacks/Collections/' took 0.01s
[2019.01.24-01.21.11:397][  0]LogFileCache: Scanning file cache for directory 'C:/Users/jacks/OneDrive/Documents/GitHub/Test/JC_ICWB001_AP/Content/Collections/' took 0.01s
[2019.01.24-01.21.11:397][  0]LogCollectionManager: Rebuilt the GUID cache for 0 collections in 0.000000 seconds
[2019.01.24-01.21.11:407][  0]LogContentBrowser: Native class hierarchy populated in 0.0106 seconds. Added 2572 classes and 603 folders.
[2019.01.24-01.21.11:416][  0]LogContentBrowser: Native class hierarchy updated for 'WidgetCarousel' in 0.0003 seconds. Added 0 classes and 0 folders.
[2019.01.24-01.21.11:468][  0]LogContentBrowser: Native class hierarchy updated for 'AddContentDialog' in 0.0002 seconds. Added 0 classes and 0 folders.
[2019.01.24-01.21.11:473][  0]LogContentBrowser: Native class hierarchy updated for 'SceneOutliner' in 0.0002 seconds. Added 1 classes and 2 folders.
[2019.01.24-01.21.11:555][  0]LogContentBrowser: Native class hierarchy updated for 'HierarchicalLODOutliner' in 0.0006 seconds. Added 0 classes and 0 folders.
[2019.01.24-01.21.11:555][  0]LogLoad: (Engine Initialization) Total time: 7.48 seconds
[2019.01.24-01.21.11:555][  0]LogLoad: (Engine Initialization) Total Blueprint compile time: 0.00 seconds
[2019.01.24-01.21.11:572][  0]LogWindowsTextInputMethodSystem: Display: IME system now deactivated.
[2019.01.24-01.21.11:591][  0]LogAssetRegistry: Asset discovery search completed in 3.5062 seconds
[2019.01.24-01.21.11:593][  0]LogCollectionManager: Rebuilt the object cache for 0 collections in 0.000000 seconds (found 0 objects)
[2019.01.24-01.21.11:593][  0]LogCollectionManager: Fixed up redirectors for 0 collections in 0.000040 seconds (updated 0 objects)
[2019.01.24-01.21.11:594][  0]LogContentStreaming: Texture pool size now 1000 MB
[2019.01.24-01.21.11:600][  0]LogSlate: Took 0.000167 seconds to synchronously load lazily loaded font '../../../Engine/Content/Slate/Fonts/Roboto-Regular.ttf' (155K)
[2019.01.24-01.21.11:602][  0]LogSlate: Took 0.000131 seconds to synchronously load lazily loaded font '../../../Engine/Content/Slate/Fonts/Roboto-Bold.ttf' (160K)
[2019.01.24-01.21.11:605][  0]LogSlate: Took 0.000129 seconds to synchronously load lazily loaded font '../../../Engine/Content/Editor/Slate/Fonts/FontAwesome.ttf' (139K)
[2019.01.24-01.21.11:707][  1]LogRenderer: Reallocating scene render targets to support 632x356 Format 10 NumSamples 1 (Frame:1).
[2019.01.24-01.21.13:239][155]LogSlate: FSceneViewport::OnFocusLost() reason 0
[2019.01.24-01.21.13:455][180]LogSlate: Took 0.000172 seconds to synchronously load lazily loaded font '../../../Engine/Content/Slate/Fonts/Roboto-Light.ttf' (167K)
[2019.01.24-01.21.13:777][180]LogAIModule: Creating AISystem for world JC_Whitebox
[2019.01.24-01.21.13:813][180]LogAssetEditorManager: Opening Asset editor for World /Game/JC_Whitebox.JC_Whitebox
[2019.01.24-01.21.13:838][180]Cmd: MAP LOAD FILE="../../../../../../Users/jacks/OneDrive/Documents/GitHub/Test/JC_ICWB001_AP/Content/JC_Whitebox.umap" TEMPLATE=0 SHOWPROGRESS=1 FEATURELEVEL=3
[2019.01.24-01.21.13:838][180]LightingResults: New page: Lighting Build
[2019.01.24-01.21.13:839][180]LoadErrors: New page: Loading map: JC_Whitebox.umap
[2019.01.24-01.21.13:839][180]MapCheck: New page: Map Check
[2019.01.24-01.21.13:839][180]LightingResults: New page: Lighting Build
[2019.01.24-01.21.13:928][180]LogEditorServer: Finished looking for orphan Actors (0.000 secs)
[2019.01.24-01.21.13:972][180]Cmd: MAP CHECKDEP NOCLEARLOG
[2019.01.24-01.21.14:036][180]MapCheck: Map check complete: 0 Error(s), 0 Warning(s), took 63.047ms to complete.
[2019.01.24-01.21.14:038][180]LogFileHelpers: Loading map 'JC_Whitebox' took 0.200
[2019.01.24-01.21.14:132][180]LogRenderer: Reallocating scene render targets to support 632x512 Format 10 NumSamples 1 (Frame:1).
[2019.01.24-01.21.33:779][352]LogAIModule: Creating AISystem for world JC_Whitebox_190118
[2019.01.24-01.21.33:804][352]LogAssetEditorManager: Opening Asset editor for World /Game/Maps/JC_Whitebox_190118.JC_Whitebox_190118
[2019.01.24-01.21.33:826][352]Cmd: MAP LOAD FILE="../../../../../../Users/jacks/OneDrive/Documents/GitHub/Test/JC_ICWB001_AP/Content/Maps/JC_Whitebox_190118.umap" TEMPLATE=0 SHOWPROGRESS=1 FEATURELEVEL=3
[2019.01.24-01.21.33:826][352]LightingResults: New page: Lighting Build
[2019.01.24-01.21.33:827][352]LoadErrors: New page: Loading map: JC_Whitebox_190118.umap
[2019.01.24-01.21.33:830][352]MapCheck: New page: Map Check
[2019.01.24-01.21.33:830][352]LightingResults: New page: Lighting Build
[2019.01.24-01.21.33:917][352]LogEditorServer: Finished looking for orphan Actors (0.000 secs)
[2019.01.24-01.21.33:962][352]Cmd: MAP CHECKDEP NOCLEARLOG
[2019.01.24-01.21.34:027][352]MapCheck: Map check complete: 0 Error(s), 0 Warning(s), took 64.593ms to complete.
[2019.01.24-01.21.34:028][352]LogFileHelpers: Loading map 'JC_Whitebox_190118' took 0.202
[2019.01.24-01.21.42:871][335]LogSlate: FSceneViewport::OnFocusLost() reason 0
[2019.01.24-01.21.45:713][625]LogAIModule: Creating AISystem for world JC_Whitebox_Geo_Brushes
[2019.01.24-01.21.45:762][625]LogAssetEditorManager: Opening Asset editor for World /Game/Maps/JC_Whitebox_Geo_Brushes.JC_Whitebox_Geo_Brushes
[2019.01.24-01.21.45:786][625]Cmd: MAP LOAD FILE="../../../../../../Users/jacks/OneDrive/Documents/GitHub/Test/JC_ICWB001_AP/Content/Maps/JC_Whitebox_Geo_Brushes.umap" TEMPLATE=0 SHOWPROGRESS=1 FEATURELEVEL=3
[2019.01.24-01.21.45:787][625]LightingResults: New page: Lighting Build
[2019.01.24-01.21.45:787][625]LoadErrors: New page: Loading map: JC_Whitebox_Geo_Brushes.umap
[2019.01.24-01.21.45:790][625]MapCheck: New page: Map Check
[2019.01.24-01.21.45:790][625]LightingResults: New page: Lighting Build
[2019.01.24-01.21.45:899][625]LogEditorServer: Finished looking for orphan Actors (0.000 secs)
[2019.01.24-01.21.45:944][625]Cmd: MAP CHECKDEP NOCLEARLOG
[2019.01.24-01.21.46:007][625]MapCheck: Map check complete: 0 Error(s), 0 Warning(s), took 63.229ms to complete.
[2019.01.24-01.21.46:008][625]LogFileHelpers: Loading map 'JC_Whitebox_Geo_Brushes' took 0.222
[2019.01.24-01.21.53:953][321]LogRenderer: Reallocating scene render targets to support 632x524 Format 10 NumSamples 1 (Frame:726).
[2019.01.24-01.21.54:134][321]LogRenderer: Reallocating scene render targets to support 632x540 Format 10 NumSamples 1 (Frame:727).
[2019.01.24-01.21.58:199][660]LogUProjectInfo: Found projects:
